build/app/outputs/mapping/release/seeds.txt
com.prskid1000.graphico.MainActivity: MainActivity()
com.prskid1000.graphico.MainActivity
...
io.flutter.embedding.engine.plugins.lifecycle.HiddenLifecycleReference: androidx.lifecycle.Lifecycle getLifecycle()
io.flutter.view.AccessibilityViewEmbedder: void setFlutterNodesTranslateBounds(android.view.accessibility.AccessibilityNodeInfo,android.graphics.Rect,android.view.accessibility.AccessibilityNodeInfo)
com.google.firebase.ktx.FirebaseCommonKtxRegistrar
com.google.android.gms.measurement.internal.AppMeasurementDynamiteService: void onActivitySaveInstanceState(com.google.android.gms.dynamic.IObjectWrapper,com.google.android.gms.internal.measurement.zzw,long)
com.google.android.gms.internal.measurement.zzbv$zza: boolean zzh
io.flutter.embedding.engine.FlutterJNI: void nativeSurfaceWindowChanged(long,android.view.Surface)
io.flutter.view.FlutterCallbackInformation: FlutterCallbackInformation(java.lang.String,java.lang.String,java.lang.String)
io.flutter.embedding.engine.FlutterJNI: void setViewportMetrics(float,int,int,int,int,int,int,int,int,int,int,int,int,int,int)
io.flutter.embedding.engine.FlutterJNI: void setPlatformMessageHandler(io.flutter.embedding.engine.dart.PlatformMessageHandler)
androidx.core.graphics.drawable.IconCompat: IconCompat()
io.flutter.embedding.engine.FlutterJNI: void nativePrefetchDefaultFontManager()
androidx.core.R$id: int tag_unhandled_key_event_manager
androidx.activity.ComponentActivity: ComponentActivity()
io.flutter.embedding.engine.FlutterJNI: android.os.Looper mainLooper
io.flutter.embedding.android.TransparencyMode: io.flutter.embedding.android.TransparencyMode valueOf(java.lang.String)
com.google.android.gms.internal.measurement.zzcd$zza
io.flutter.view.AccessibilityBridge$TextDirection: io.flutter.view.AccessibilityBridge$TextDirection[] values()
com.google.android.gms.measurement.internal.AppMeasurementDynamiteService: void setMinimumSessionDuration(long)
com.google.android.gms.measurement.internal.AppMeasurementDynamiteService: void onActivityPaused(com.google.android.gms.dynamic.IObjectWrapper,long)
com.google.android.gms.internal.measurement.zzcd$zzg: java.lang.String zzs
com.google.android.gms.internal.measurement.zzcd$zzj: com.google.android.gms.internal.measurement.zzcd$zzj zzf
io.flutter.embedding.engine.FlutterJNI: boolean nativeFlutterTextUtilsIsEmojiModifierBase(int)
io.flutter.embedding.engine.FlutterJNI: void onBeginFrame()
com.google.android.gms.measurement.internal.AppMeasurementDynamiteService: void performAction(android.os.Bundle,com.google.android.gms.internal.measurement.zzw,long)
com.google.android.gms.common.ConnectionResult: android.os.Parcelable$Creator CREATOR
io.flutter.embedding.engine.FlutterJNI: boolean nativeFlutterTextUtilsIsEmoji(int)
com.google.android.gms.measurement.AppMeasurement: java.lang.String getCurrentScreenClass()
androidx.fragment.app.FragmentManagerState: android.os.Parcelable$Creator CREATOR
com.google.android.gms.internal.measurement.zzbv$zzb: com.google.android.gms.internal.measurement.zzid zzf
androidx.core.R$id: int accessibility_custom_action_20
io.flutter.embedding.engine.FlutterJNI: void nativeSurfaceCreated(long,android.view.Surface)
com.google.android.gms.measurement.internal.AppMeasurementDynamiteService: void resetAnalyticsData(long)
com.google.android.gms.measurement.internal.zzkw: android.os.Parcelable$Creator CREATOR
com.google.android.gms.internal.measurement.zzcd$zzj
io.flutter.embedding.engine.FlutterJNI: void updateSemantics(java.nio.ByteBuffer,java.lang.String[])
io.flutter.plugin.platform.SingleViewPresentation: android.view.View$OnFocusChangeListener focusChangeListener
com.google.android.gms.internal.measurement.zzcd$zzf: com.google.android.gms.internal.measurement.zzjp zze
androidx.core.R$id: int dialog_button
io.flutter.embedding.android.RenderMode: io.flutter.embedding.android.RenderMode valueOf(java.lang.String)
com.google.firebase.auth.UserProfileChangeRequest: android.os.Parcelable$Creator CREATOR
androidx.core.graphics.drawable.IconCompat
com.google.android.gms.internal.measurement.zzci$zzb