build/app/outputs/mapping/release/mapping.txt
# compiler: R8
# compiler_version: 1.6.82
# min_api: 16
# pg_map_id: 03d0d6f
# common_typos_disable
...
com.google.android.gms.measurement.internal.zzkt -> com.google.android.gms.measurement.internal.ba:
    int zza(com.google.android.gms.internal.measurement.zzcd$zzg$zza,java.lang.String) -> a
    long zza(byte[]) -> a
    android.os.Parcelable zza(byte[],android.os.Parcelable$Creator) -> a
    com.google.android.gms.internal.measurement.zzcd$zzc zza(com.google.android.gms.measurement.internal.zzak) -> a
    com.google.android.gms.internal.measurement.zzjf zza(com.google.android.gms.internal.measurement.zzjf,byte[]) -> a
    java.lang.String zza(com.google.android.gms.internal.measurement.zzbv$zzb) -> a
    java.lang.String zza(com.google.android.gms.internal.measurement.zzbv$zze) -> a
    java.lang.String zza(com.google.android.gms.internal.measurement.zzcd$zzf) -> a
    java.lang.String zza(boolean,boolean,boolean) -> a
    java.util.List zza(java.util.BitSet) -> a
    java.util.List zza(java.util.List,java.util.List) -> a
    java.util.List zza(android.os.Bundle[]) -> a
    void zza(com.google.android.gms.internal.measurement.zzcd$zzc$zza,java.lang.String,java.lang.Object) -> a
    void zza(com.google.android.gms.internal.measurement.zzcd$zze$zza,java.lang.Object) -> a
    void zza(com.google.android.gms.internal.measurement.zzcd$zzk$zza,java.lang.Object) -> a
    void zza(java.lang.StringBuilder,int) -> a
    void zza(java.lang.StringBuilder,int,com.google.android.gms.internal.measurement.zzbv$zzc) -> a
com.google.android.gms.measurement.internal.zzku -> com.google.android.gms.measurement.internal.ca:
    android.content.Context zza -> a
com.google.android.gms.measurement.internal.zzkv -> com.google.android.gms.measurement.internal.da:
com.google.android.gms.measurement.internal.zzkw -> com.google.android.gms.measurement.internal.ea:
    java.lang.String zze -> f
    java.lang.Long zzc -> d
    long zzb -> c
    java.lang.String zza -> b
    java.lang.String zzd -> e
    java.lang.Double zzf -> g
    int zzg -> a
    java.lang.Object zza() -> a
com.google.android.gms.measurement.internal.zzkx -> com.google.android.gms.measurement.internal.fa:
    java.lang.Integer zzf -> f
    java.lang.String[] zzb -> h
    java.security.SecureRandom zzc -> c
    java.lang.String[] zza -> g
    int zze -> e
    java.util.concurrent.atomic.AtomicLong zzd -> d
    int zza(int) -> a
    int zza(java.lang.String,java.lang.String,java.lang.String,java.lang.Object,android.os.Bundle,java.util.List,boolean,boolean) -> a
    int zza(java.lang.String,boolean) -> a
    long zza(long,long) -> a
    long zza(android.content.Context,java.lang.String) -> a
    long zza(com.google.android.gms.measurement.internal.zzam) -> a
    long zza(byte[]) -> a
    android.os.Bundle zza(android.net.Uri) -> a
    android.os.Bundle zza(android.os.Bundle) -> a
    android.os.Bundle zza(java.lang.String,java.lang.String,android.os.Bundle,java.util.List,boolean,boolean) -> a
    android.os.Bundle zza(java.util.List) -> a
    com.google.android.gms.measurement.internal.zzar zza(java.lang.String,java.lang.String,android.os.Bundle,java.lang.String,long,boolean,boolean,boolean) -> a
    java.lang.Object zza(int,java.lang.Object,boolean,boolean) -> a
    java.lang.Object zza(java.lang.String,java.lang.Object) -> a
    java.lang.String zza(java.lang.String,int,boolean) -> a
    java.net.URL zza(long,java.lang.String,java.lang.String,long) -> a
    void zza(int,java.lang.String,java.lang.String,int) -> a
com.google.android.gms.measurement.internal.zzky -> com.google.android.gms.measurement.internal.ga:
    java.lang.Object zze -> e
    java.lang.String zza -> a
    long zzd -> d
    java.lang.String zzc -> c
    java.lang.String zzb -> b
com.google.android.gms.measurement.internal.zzkz -> com.google.android.gms.measurement.internal.ha:
    javax.net.ssl.SSLSocket zza -> a