build/app/outputs/mapping/release/usage.txt
com.prskid1000.graphico.R$string
com.prskid1000.graphico.R
com.prskid1000.graphico.R$mipmap
com.prskid1000.graphico.R$styleable
com.prskid1000.graphico.R$dimen
com.prskid1000.graphico.BuildConfig
com.prskid1000.graphico.R$style
com.prskid1000.graphico.R$id
com.prskid1000.graphico.R$layout
com.prskid1000.graphico.R$attr
com.prskid1000.graphico.R$drawable
com.prskid1000.graphico.R$integer
com.prskid1000.graphico.R$color
...
com.google.firebase.ktx.Firebase
com.google.android.gms.common.internal.IResolveAccountCallbacks$Stub$Proxy
androidx.activity.OnBackPressedDispatcher:
    public void <init>()
    public void addCallback(androidx.activity.OnBackPressedCallback)
    public boolean hasEnabledCallbacks()
kotlin.ranges.URangesKt
androidx.annotation.IntDef
androidx.core.os.CancellationSignal$OnCancelListener
com.google.android.gms.common.api.internal.zaar
androidx.documentfile.provider.SingleDocumentFile
kotlin.ranges.LongRange
com.google.android.gms.internal.firebase_auth.zzfx
kotlin.annotation.AnnotationRetention
com.google.android.gms.common.api.ResultCallbacks
com.google.android.gms.common.api.internal.LifecycleFragment:
    public abstract void startActivityForResult(android.content.Intent,int)
    public abstract android.app.Activity getLifecycleActivity()
    public abstract boolean isCreated()
    public abstract boolean isStarted()
com.google.firebase.installations.remote.AutoValue_InstallationResponse$Builder:
    private void <init>(com.google.firebase.installations.remote.InstallationResponse)
    synthetic void <init>(com.google.firebase.installations.remote.InstallationResponse,com.google.firebase.installations.remote.AutoValue_InstallationResponse$1)
com.google.android.gms.internal.common.zza:
    protected final void zzb(int,android.os.Parcel)
    protected final void zzc(int,android.os.Parcel)
androidx.core.view.KeyEventDispatcher:
    private void <init>()
kotlin.collections.MapsKt
com.google.android.gms.common.api.internal.zaaa
io.flutter.BuildConfig
com.google.android.gms.common.internal.service.zag
androidx.core.content.res.TypedArrayUtils
kotlin.NumbersKt__BigDecimalsKt
kotlin.UInt$Companion
kotlin.jvm.functions.Function3
com.google.android.gms.internal.firebase_auth.zzlq
com.google.android.gms.internal.firebase_auth.zzp$zzd
com.google.android.gms.internal.firebase_auth.zzaq
com.google.android.gms.common.api.internal.zai
com.google.android.gms.internal.firebase_auth.zzgj
androidx.core.content.pm.ShortcutManagerCompat
io.flutter.embedding.engine.systemchannels.KeyEventChannel$FlutterKeyEvent:
    public void <init>(android.view.KeyEvent)
com.google.android.gms.common.internal.zak
com.google.android.gms.common.BlockingServiceConnection:
    public android.os.IBinder getService()
com.google.android.gms.internal.firebase_auth.zzhq$zzb
com.google.android.gms.common.api.internal.zaz:
    static synthetic java.util.Map zaa(com.google.android.gms.common.api.internal.zaz)
    final void zaa(com.google.android.gms.common.api.internal.BasePendingResult,boolean)
androidx.core.widget.ScrollerCompat
androidx.core.provider.FontsContractCompat$4$7
com.google.firebase.installations.Utils:
    private static final java.lang.String APP_ID_IDENTIFICATION_SUBSTRING
com.google.android.gms.internal.firebase_auth.zzp$zzu
kotlin.text.MatchResult$Destructured
io.flutter.plugins.firebase.core.FlutterFirebaseCorePlugin:
    private void <init>(android.content.Context)
    public static void registerWith(io.flutter.plugin.common.PluginRegistry$Registrar)
    private static final java.lang.String KEY_API_KEY
    private static final java.lang.String KEY_APP_NAME
    private static final java.lang.String KEY_APP_ID
    private static final java.lang.String KEY_MESSAGING_SENDER_ID
    private static final java.lang.String KEY_PROJECT_ID
    private static final java.lang.String KEY_DATABASE_URL
    private static final java.lang.String KEY_STORAGE_BUCKET
    private static final java.lang.String KEY_OPTIONS
    private static final java.lang.String KEY_NAME
    private static final java.lang.String KEY_TRACKING_ID
    private static final java.lang.String KEY_ENABLED
    private static final java.lang.String KEY_IS_AUTOMATIC_DATA_COLLECTION_ENABLED
    private static final java.lang.String KEY_PLUGIN_CONSTANTS
    private static final java.lang.String CHANNEL_NAME
androidx.core.view.TintableBackgroundView